This file contains any messages produced by compilers while
running configure, to aid debugging if configure makes a mistake.

It was created by gpicker configure 1.0, which was
generated by GNU Autoconf 2.61.  Invocation command line was

  $ ./configure 

## --------- ##
## Platform. ##
## --------- ##

hostname = 1420n
uname -m = x86_64
uname -r = 2.6.27-7-generic
uname -s = Linux
uname -v = #1 SMP Fri Oct 24 06:40:41 UTC 2008

/usr/bin/uname -p = unknown
/bin/uname -X     = unknown

/bin/arch              = unknown
/usr/bin/arch -k       = unknown
/usr/convex/getsysinfo = unknown
/usr/bin/hostinfo      = unknown
/bin/machine           = unknown
/usr/bin/oslevel       = unknown
/bin/universe          = unknown

PATH: /usr/local/sbin
PATH: /usr/local/bin
PATH: /usr/sbin
PATH: /usr/bin
PATH: /sbin
PATH: /bin
PATH: /usr/games


## ----------- ##
## Core tests. ##
## ----------- ##

configure:1762: checking for a BSD-compatible install
configure:1818: result: /usr/bin/install -c
configure:1829: checking whether build environment is sane
configure:1872: result: yes
configure:1937: checking for gawk
configure:1967: result: no
configure:1937: checking for mawk
configure:1953: found /usr/bin/mawk
configure:1964: result: mawk
configure:1975: checking whether make sets $(MAKE)
configure:1996: result: yes
configure:2230: checking for gcc
configure:2246: found /usr/bin/gcc
configure:2257: result: gcc
configure:2495: checking for C compiler version
configure:2502: gcc --version >&5
gcc (Ubuntu 4.3.2-1ubuntu12) 4.3.2
Copyright (C) 2008 Free Software Foundation, Inc.
This is free software; see the source for copying conditions.  There is NO
warranty; not even for MERCHANTABILITY or FITNESS FOR A PARTICULAR PURPOSE.

configure:2505: $? = 0
configure:2512: gcc -v >&5
Using built-in specs.
Target: x86_64-linux-gnu
Configured with: ../src/configure -v --with-pkgversion='Ubuntu 4.3.2-1ubuntu12' --with-bugurl=file:///usr/share/doc/gcc-4.3/README.Bugs --enable-languages=c,c++,fortran,objc,obj-c++ --prefix=/usr --enable-shared --with-system-zlib --libexecdir=/usr/lib --without-included-gettext --enable-threads=posix --enable-nls --with-gxx-include-dir=/usr/include/c++/4.3 --program-suffix=-4.3 --enable-clocale=gnu --enable-libstdcxx-debug --enable-objc-gc --enable-mpfr --enable-checking=release --build=x86_64-linux-gnu --host=x86_64-linux-gnu --target=x86_64-linux-gnu
Thread model: posix
gcc version 4.3.2 (Ubuntu 4.3.2-1ubuntu12) 
configure:2515: $? = 0
configure:2522: gcc -V >&5
gcc: '-V' option must have argument
configure:2525: $? = 1
configure:2548: checking for C compiler default output file name
configure:2575: gcc    conftest.c  >&5
configure:2578: $? = 0
configure:2616: result: a.out
configure:2633: checking whether the C compiler works
configure:2643: ./a.out
configure:2646: $? = 0
configure:2663: result: yes
configure:2670: checking whether we are cross compiling
configure:2672: result: no
configure:2675: checking for suffix of executables
configure:2682: gcc -o conftest    conftest.c  >&5
configure:2685: $? = 0
configure:2709: result: 
configure:2715: checking for suffix of object files
configure:2741: gcc -c   conftest.c >&5
configure:2744: $? = 0
configure:2767: result: o
configure:2771: checking whether we are using the GNU C compiler
configure:2800: gcc -c   conftest.c >&5
configure:2806: $? = 0
configure:2823: result: yes
configure:2828: checking whether gcc accepts -g
configure:2858: gcc -c -g  conftest.c >&5
configure:2864: $? = 0
configure:2963: result: yes
configure:2980: checking for gcc option to accept ISO C89
configure:3054: gcc  -c -g -O2  conftest.c >&5
configure:3060: $? = 0
configure:3083: result: none needed
configure:3112: checking for style of include used by make
configure:3140: result: GNU
configure:3168: checking dependency style of gcc
configure:3258: result: gcc3
configure:3336: checking for pkg-config
configure:3354: found /usr/bin/pkg-config
configure:3366: result: /usr/bin/pkg-config
configure:3395: checking pkg-config is at least version 0.9.0
configure:3398: result: yes
configure:3409: checking for check
configure:3417: $PKG_CONFIG --exists --print-errors "check"
Package check was not found in the pkg-config search path.
Perhaps you should add the directory containing `check.pc'
to the PKG_CONFIG_PATH environment variable
No package 'check' found
configure:3420: $? = 1
configure:3435: $PKG_CONFIG --exists --print-errors "check"
Package check was not found in the pkg-config search path.
Perhaps you should add the directory containing `check.pc'
to the PKG_CONFIG_PATH environment variable
No package 'check' found
configure:3438: $? = 1
No package 'check' found
configure:3466: result: no
configure:3497: checking for gtk2
configure:3505: $PKG_CONFIG --exists --print-errors "gtk+-2.0 >= 2.8"
configure:3508: $? = 0
configure:3523: $PKG_CONFIG --exists --print-errors "gtk+-2.0 >= 2.8"
configure:3526: $? = 0
configure:3602: result: yes
configure:3608: checking for glib2
configure:3616: $PKG_CONFIG --exists --print-errors "glib-2.0 >= 2.14"
configure:3619: $? = 0
configure:3634: $PKG_CONFIG --exists --print-errors "glib-2.0 >= 2.14"
configure:3637: $? = 0
configure:3713: result: yes
configure:3719: checking for libglade
configure:3727: $PKG_CONFIG --exists --print-errors "libglade-2.0"
configure:3730: $? = 0
configure:3745: $PKG_CONFIG --exists --print-errors "libglade-2.0"
configure:3748: $? = 0
configure:3824: result: yes
configure:3950: creating ./config.status

## ---------------------- ##
## Running config.status. ##
## ---------------------- ##

This file was extended by gpicker config.status 1.0, which was
generated by GNU Autoconf 2.61.  Invocation command line was

  CONFIG_FILES    = 
  CONFIG_HEADERS  = 
  CONFIG_LINKS    = 
  CONFIG_COMMANDS = 
  $ ./config.status 

on 1420n

config.status:641: creating Makefile
config.status:641: creating config.h
config.status:897: executing depfiles commands

## ---------------- ##
## Cache variables. ##
## ---------------- ##

ac_cv_c_compiler_gnu=yes
ac_cv_env_CC_set=
ac_cv_env_CC_value=
ac_cv_env_CFLAGS_set=
ac_cv_env_CFLAGS_value=
ac_cv_env_CPPFLAGS_set=
ac_cv_env_CPPFLAGS_value=
ac_cv_env_LDFLAGS_set=
ac_cv_env_LDFLAGS_value=
ac_cv_env_LIBS_set=
ac_cv_env_LIBS_value=
ac_cv_env_PKG_CONFIG_set=
ac_cv_env_PKG_CONFIG_value=
ac_cv_env_build_alias_set=
ac_cv_env_build_alias_value=
ac_cv_env_check_CFLAGS_set=
ac_cv_env_check_CFLAGS_value=
ac_cv_env_check_LIBS_set=
ac_cv_env_check_LIBS_value=
ac_cv_env_glib2_CFLAGS_set=
ac_cv_env_glib2_CFLAGS_value=
ac_cv_env_glib2_LIBS_set=
ac_cv_env_glib2_LIBS_value=
ac_cv_env_gtk2_CFLAGS_set=
ac_cv_env_gtk2_CFLAGS_value=
ac_cv_env_gtk2_LIBS_set=
ac_cv_env_gtk2_LIBS_value=
ac_cv_env_host_alias_set=
ac_cv_env_host_alias_value=
ac_cv_env_libglade_CFLAGS_set=
ac_cv_env_libglade_CFLAGS_value=
ac_cv_env_libglade_LIBS_set=
ac_cv_env_libglade_LIBS_value=
ac_cv_env_target_alias_set=
ac_cv_env_target_alias_value=
ac_cv_objext=o
ac_cv_path_ac_pt_PKG_CONFIG=/usr/bin/pkg-config
ac_cv_path_install='/usr/bin/install -c'
ac_cv_prog_AWK=mawk
ac_cv_prog_ac_ct_CC=gcc
ac_cv_prog_cc_c89=
ac_cv_prog_cc_g=yes
ac_cv_prog_make_make_set=yes
am_cv_CC_dependencies_compiler_type=gcc3
pkg_cv_glib2_CFLAGS='-I/usr/include/glib-2.0 -I/usr/lib/glib-2.0/include  '
pkg_cv_glib2_LIBS='-lglib-2.0  '
pkg_cv_gtk2_CFLAGS='-I/usr/include/gtk-2.0 -I/usr/lib/gtk-2.0/include -I/usr/include/atk-1.0 -I/usr/include/cairo -I/usr/include/pango-1.0 -I/usr/include/glib-2.0 -I/usr/lib/glib-2.0/include -I/usr/include/pixman-1 -I/usr/include/freetype2 -I/usr/include/libpng12  '
pkg_cv_gtk2_LIBS='-lgtk-x11-2.0 -lgdk-x11-2.0 -latk-1.0 -lpangoft2-1.0 -lgdk_pixbuf-2.0 -lm -lpangocairo-1.0 -lgio-2.0 -lcairo -lpango-1.0 -lfreetype -lz -lfontconfig -lgobject-2.0 -lgmodule-2.0 -lglib-2.0  '
pkg_cv_libglade_CFLAGS='-I/usr/include/libglade-2.0 -I/usr/include/gtk-2.0 -I/usr/include/libxml2 -I/usr/lib/gtk-2.0/include -I/usr/include/atk-1.0 -I/usr/include/cairo -I/usr/include/pango-1.0 -I/usr/include/glib-2.0 -I/usr/lib/glib-2.0/include -I/usr/include/pixman-1 -I/usr/include/freetype2 -I/usr/include/libpng12  '
pkg_cv_libglade_LIBS='-lglade-2.0 -lgtk-x11-2.0 -lxml2 -lgdk-x11-2.0 -latk-1.0 -lpangoft2-1.0 -lgdk_pixbuf-2.0 -lm -lpangocairo-1.0 -lgio-2.0 -lcairo -lpango-1.0 -lfreetype -lz -lfontconfig -lgobject-2.0 -lgmodule-2.0 -lglib-2.0  '

## ----------------- ##
## Output variables. ##
## ----------------- ##

ACLOCAL='${SHELL} /home/framallo/.emacs.d/emacsonrails/gpicker-1.0/missing --run aclocal-1.9'
AMDEPBACKSLASH='\'
AMDEP_FALSE='#'
AMDEP_TRUE=''
AMTAR='${SHELL} /home/framallo/.emacs.d/emacsonrails/gpicker-1.0/missing --run tar'
AUTOCONF='${SHELL} /home/framallo/.emacs.d/emacsonrails/gpicker-1.0/missing --run autoconf'
AUTOHEADER='${SHELL} /home/framallo/.emacs.d/emacsonrails/gpicker-1.0/missing --run autoheader'
AUTOMAKE='${SHELL} /home/framallo/.emacs.d/emacsonrails/gpicker-1.0/missing --run automake-1.9'
AWK='mawk'
CC='gcc'
CCDEPMODE='depmode=gcc3'
CFLAGS='-g -O2'
CPPFLAGS=''
CYGPATH_W='echo'
DEFS='-DHAVE_CONFIG_H'
DEPDIR='.deps'
ECHO_C=''
ECHO_N='-n'
ECHO_T=''
EXEEXT=''
HAVE_CHECK_FALSE=''
HAVE_CHECK_TRUE='#'
INSTALL_DATA='${INSTALL} -m 644'
INSTALL_PROGRAM='${INSTALL}'
INSTALL_SCRIPT='${INSTALL}'
INSTALL_STRIP_PROGRAM='${SHELL} $(install_sh) -c -s'
LDFLAGS=''
LIBOBJS=''
LIBS=''
LTLIBOBJS=''
MAKEINFO='${SHELL} /home/framallo/.emacs.d/emacsonrails/gpicker-1.0/missing --run makeinfo'
OBJEXT='o'
PACKAGE='gpicker'
PACKAGE_BUGREPORT=''
PACKAGE_NAME='gpicker'
PACKAGE_STRING='gpicker 1.0'
PACKAGE_TARNAME='gpicker'
PACKAGE_VERSION='1.0'
PATH_SEPARATOR=':'
PKG_CONFIG='/usr/bin/pkg-config'
SET_MAKE=''
SHELL='/bin/bash'
STRIP=''
VERSION='1.0'
ac_ct_CC='gcc'
am__fastdepCC_FALSE='#'
am__fastdepCC_TRUE=''
am__include='include'
am__leading_dot='.'
am__quote=''
am__tar='${AMTAR} chof - "$$tardir"'
am__untar='${AMTAR} xf -'
bindir='${exec_prefix}/bin'
build_alias=''
check_CFLAGS=''
check_LIBS=''
datadir='${datarootdir}'
datarootdir='${prefix}/share'
docdir='${datarootdir}/doc/${PACKAGE_TARNAME}'
dvidir='${docdir}'
exec_prefix='${prefix}'
glib2_CFLAGS='-I/usr/include/glib-2.0 -I/usr/lib/glib-2.0/include  '
glib2_LIBS='-lglib-2.0  '
gtk2_CFLAGS='-I/usr/include/gtk-2.0 -I/usr/lib/gtk-2.0/include -I/usr/include/atk-1.0 -I/usr/include/cairo -I/usr/include/pango-1.0 -I/usr/include/glib-2.0 -I/usr/lib/glib-2.0/include -I/usr/include/pixman-1 -I/usr/include/freetype2 -I/usr/include/libpng12  '
gtk2_LIBS='-lgtk-x11-2.0 -lgdk-x11-2.0 -latk-1.0 -lpangoft2-1.0 -lgdk_pixbuf-2.0 -lm -lpangocairo-1.0 -lgio-2.0 -lcairo -lpango-1.0 -lfreetype -lz -lfontconfig -lgobject-2.0 -lgmodule-2.0 -lglib-2.0  '
host_alias=''
htmldir='${docdir}'
includedir='${prefix}/include'
infodir='${datarootdir}/info'
install_sh='/home/framallo/.emacs.d/emacsonrails/gpicker-1.0/install-sh'
libdir='${exec_prefix}/lib'
libexecdir='${exec_prefix}/libexec'
libglade_CFLAGS='-I/usr/include/libglade-2.0 -I/usr/include/gtk-2.0 -I/usr/include/libxml2 -I/usr/lib/gtk-2.0/include -I/usr/include/atk-1.0 -I/usr/include/cairo -I/usr/include/pango-1.0 -I/usr/include/glib-2.0 -I/usr/lib/glib-2.0/include -I/usr/include/pixman-1 -I/usr/include/freetype2 -I/usr/include/libpng12  '
libglade_LIBS='-lglade-2.0 -lgtk-x11-2.0 -lxml2 -lgdk-x11-2.0 -latk-1.0 -lpangoft2-1.0 -lgdk_pixbuf-2.0 -lm -lpangocairo-1.0 -lgio-2.0 -lcairo -lpango-1.0 -lfreetype -lz -lfontconfig -lgobject-2.0 -lgmodule-2.0 -lglib-2.0  '
localedir='${datarootdir}/locale'
localstatedir='${prefix}/var'
mandir='${datarootdir}/man'
mkdir_p='mkdir -p --'
oldincludedir='/usr/include'
pdfdir='${docdir}'
prefix='/usr/local'
program_transform_name='s,x,x,'
psdir='${docdir}'
sbindir='${exec_prefix}/sbin'
sharedstatedir='${prefix}/com'
sysconfdir='${prefix}/etc'
target_alias=''

## ----------- ##
## confdefs.h. ##
## ----------- ##

#define PACKAGE_NAME "gpicker"
#define PACKAGE_TARNAME "gpicker"
#define PACKAGE_VERSION "1.0"
#define PACKAGE_STRING "gpicker 1.0"
#define PACKAGE_BUGREPORT ""
#define PACKAGE "gpicker"
#define VERSION "1.0"

configure: exit 0
